<?xml version="1.0" encoding="UTF-8"?>
<!-- Generated by org.testng.reporters.JUnitReportReporter -->
<testsuite hostname="DESKTOP-VIVEKA" failures="0" tests="1" name="appiumtest.AmazonMobileTest" time="79.062" errors="0" timestamp="07 Dec 2020 03:12:16 GMT" skipped="0">
  <testcase classname="appiumtest.AmazonMobileTest" name="FirstTestCase" time="79.062"/>
</testsuite> <!-- appiumtest.AmazonMobileTest -->
